  [1m[35m (602.1ms)[0m  [1m[35mCREATE DATABASE "shoes_api_development" ENCODING = 'unicode'[0m
  [1m[35m (241.8ms)[0m  [1m[35mCREATE DATABASE "shoes_api_test" ENCODING = 'unicode'[0m
  [1m[35m (70.8ms)[0m  [1m[35mCREATE TABLE "schema_migrations" ("version" character varying NOT NULL PRIMARY KEY)[0m
  [1m[35m (21.0ms)[0m  [1m[35mCREATE TABLE "ar_internal_metadata" ("key" character varying NOT NULL PRIMARY KEY, "value" character varying, "created_at" timestamp(6) NOT NULL, "updated_at" timestamp(6) NOT NULL)[0m
  [1m[35m (1.6ms)[0m  [1m[34mSELECT pg_try_advisory_lock(4677472515736347705)[0m
  [1m[35m (1.2ms)[0m  [1m[34mSELECT "schema_migrations"."version" FROM "schema_migrations" ORDER BY "schema_migrations"."version" ASC[0m
Migrating to CreateShoes (20200403142226)
  [1m[35m (5.6ms)[0m  [1m[35mBEGIN[0m
  [1m[35m (56.2ms)[0m  [1m[35mCREATE TABLE "shoes" ("id" bigserial primary key, "name" character varying, "brand" character varying, "qty" integer, "created_at" timestamp(6) NOT NULL, "updated_at" timestamp(6) NOT NULL)[0m
  [1m[36mprimary::SchemaMigration Create (1.5ms)[0m  [1m[32mINSERT INTO "schema_migrations" ("version") VALUES ($1) RETURNING "version"[0m  [["version", "20200403142226"]]
  [1m[35m (2.2ms)[0m  [1m[35mCOMMIT[0m
  [1m[36mActiveRecord::InternalMetadata Load (9.7ms)[0m  [1m[34mSELECT "ar_internal_metadata".* FROM "ar_internal_metadata" WHERE "ar_internal_metadata"."key" = $1 LIMIT $2[0m  [["key", "environment"], ["LIMIT", 1]]
  [1m[35m (0.2ms)[0m  [1m[35mBEGIN[0m
  [1m[36mActiveRecord::InternalMetadata Create (1.1ms)[0m  [1m[32mINSERT INTO "ar_internal_metadata" ("key", "value", "created_at", "updated_at") VALUES ($1, $2, $3, $4) RETURNING "key"[0m  [["key", "environment"], ["value", "development"], ["created_at", "2020-04-03 14:22:54.087583"], ["updated_at", "2020-04-03 14:22:54.087583"]]
  [1m[35m (2.3ms)[0m  [1m[35mCOMMIT[0m
  [1m[35m (2.1ms)[0m  [1m[34mSELECT pg_advisory_unlock(4677472515736347705)[0m
  [1m[35m (1.4ms)[0m  [1m[34mSELECT "schema_migrations"."version" FROM "schema_migrations" ORDER BY "schema_migrations"."version" ASC[0m
  [1m[35m (0.7ms)[0m  [1m[34mSELECT "schema_migrations"."version" FROM "schema_migrations" ORDER BY "schema_migrations"."version" ASC[0m
  [1m[35m (10.1ms)[0m  [1m[35mBEGIN[0m
  [1m[36mShoe Create (20.9ms)[0m  [1m[32mINSERT INTO "shoes" ("name", "brand", "qty", "created_at", "updated_at") VALUES ($1, $2, $3, $4, $5) RETURNING "id"[0m  [["name", "Air Max"], ["brand", "Nike"], ["qty", 20], ["created_at", "2020-04-03 14:26:27.095350"], ["updated_at", "2020-04-03 14:26:27.095350"]]
  [1m[35m (16.1ms)[0m  [1m[35mCOMMIT[0m
  [1m[35m (0.7ms)[0m  [1m[35mBEGIN[0m
  [1m[36mShoe Create (0.8ms)[0m  [1m[32mINSERT INTO "shoes" ("name", "brand", "qty", "created_at", "updated_at") VALUES ($1, $2, $3, $4, $5) RETURNING "id"[0m  [["name", "Chuck Taylor's"], ["brand", "Converse"], ["qty", 100], ["created_at", "2020-04-03 14:26:27.162154"], ["updated_at", "2020-04-03 14:26:27.162154"]]
  [1m[35m (0.4ms)[0m  [1m[35mCOMMIT[0m
  [1m[35m (0.4ms)[0m  [1m[35mBEGIN[0m
  [1m[36mShoe Create (2.1ms)[0m  [1m[32mINSERT INTO "shoes" ("name", "brand", "qty", "created_at", "updated_at") VALUES ($1, $2, $3, $4, $5) RETURNING "id"[0m  [["name", "Retro 3"], ["brand", "Air Jordan"], ["qty", 50], ["created_at", "2020-04-03 14:26:27.175189"], ["updated_at", "2020-04-03 14:26:27.175189"]]
  [1m[35m (0.4ms)[0m  [1m[35mCOMMIT[0m
  [1m[35m (0.8ms)[0m  [1m[35mBEGIN[0m
  [1m[36mShoe Create (20.4ms)[0m  [1m[32mINSERT INTO "shoes" ("name", "brand", "qty", "created_at", "updated_at") VALUES ($1, $2, $3, $4, $5) RETURNING "id"[0m  [["name", "Yeezys"], ["brand", "Adidas"], ["qty", 45], ["created_at", "2020-04-03 14:26:27.191839"], ["updated_at", "2020-04-03 14:26:27.191839"]]
  [1m[35m (2.6ms)[0m  [1m[35mCOMMIT[0m
  [1m[36mShoe Load (1.6ms)[0m  [1m[34mSELECT "shoes".* FROM "shoes" LIMIT $1[0m  [["LIMIT", 11]]
Started GET "/" for ::1 at 2020-04-03 10:28:35 -0400
  [1m[35m (1.2ms)[0m  [1m[34mSELECT "schema_migrations"."version" FROM "schema_migrations" ORDER BY "schema_migrations"."version" ASC[0m
Processing by Rails::WelcomeController#index as HTML
  Rendering /Users/chrisbellaro/.rbenv/versions/2.7.0/lib/ruby/gems/2.7.0/gems/railties-6.0.2.2/lib/rails/templates/rails/welcome/index.html.erb
  Rendered /Users/chrisbellaro/.rbenv/versions/2.7.0/lib/ruby/gems/2.7.0/gems/railties-6.0.2.2/lib/rails/templates/rails/welcome/index.html.erb (Duration: 137.9ms | Allocations: 409)
Completed 200 OK in 246ms (Views: 163.5ms | ActiveRecord: 0.0ms | Allocations: 2264)


Started GET "/favicon.ico" for ::1 at 2020-04-03 10:28:37 -0400
  
ActionController::RoutingError (No route matches [GET] "/favicon.ico"):
  
actionpack (6.0.2.2) lib/action_dispatch/middleware/debug_exceptions.rb:36:in `call'
actionpack (6.0.2.2) lib/action_dispatch/middleware/show_exceptions.rb:33:in `call'
railties (6.0.2.2) lib/rails/rack/logger.rb:38:in `call_app'
railties (6.0.2.2) lib/rails/rack/logger.rb:26:in `block in call'
activesupport (6.0.2.2) lib/active_support/tagged_logging.rb:80:in `block in tagged'
activesupport (6.0.2.2) lib/active_support/tagged_logging.rb:28:in `tagged'
activesupport (6.0.2.2) lib/active_support/tagged_logging.rb:80:in `tagged'
railties (6.0.2.2) lib/rails/rack/logger.rb:26:in `call'
actionpack (6.0.2.2) lib/action_dispatch/middleware/remote_ip.rb:81:in `call'
actionpack (6.0.2.2) lib/action_dispatch/middleware/request_id.rb:27:in `call'
rack (2.2.2) lib/rack/runtime.rb:22:in `call'
activesupport (6.0.2.2) lib/active_support/cache/strategy/local_cache_middleware.rb:29:in `call'
actionpack (6.0.2.2) lib/action_dispatch/middleware/executor.rb:14:in `call'
actionpack (6.0.2.2) lib/action_dispatch/middleware/static.rb:126:in `call'
rack (2.2.2) lib/rack/sendfile.rb:110:in `call'
actionpack (6.0.2.2) lib/action_dispatch/middleware/host_authorization.rb:83:in `call'
rack-cors (1.1.1) lib/rack/cors.rb:100:in `call'
railties (6.0.2.2) lib/rails/engine.rb:526:in `call'
puma (4.3.3) lib/puma/configuration.rb:228:in `call'
puma (4.3.3) lib/puma/server.rb:682:in `handle_request'
puma (4.3.3) lib/puma/server.rb:472:in `process_client'
puma (4.3.3) lib/puma/server.rb:328:in `block in run'
puma (4.3.3) lib/puma/thread_pool.rb:134:in `block in spawn_thread'
Started GET "/shoes" for ::1 at 2020-04-03 10:28:42 -0400
Processing by ShoesController#index as HTML
  [1m[36mShoe Load (0.9ms)[0m  [1m[34mSELECT "shoes".* FROM "shoes"[0m
  ↳ app/controllers/shoes_controller.rb:8:in `index'
Completed 200 OK in 233ms (Views: 116.0ms | ActiveRecord: 110.3ms | Allocations: 5059)


Started POST "/shoes/" for ::1 at 2020-04-03 10:30:22 -0400
Processing by ShoesController#create as */*
  Parameters: {"shoe"=>{"name"=>"Air Force", "brand"=>"Nike", "qty"=>"28"}}
  [1m[35m (0.2ms)[0m  [1m[35mBEGIN[0m
  ↳ app/controllers/shoes_controller.rb:20:in `create'
  [1m[36mShoe Create (1.1ms)[0m  [1m[32mINSERT INTO "shoes" ("name", "brand", "qty", "created_at", "updated_at") VALUES ($1, $2, $3, $4, $5) RETURNING "id"[0m  [["name", "Air Force"], ["brand", "Nike"], ["qty", 28], ["created_at", "2020-04-03 14:30:22.675051"], ["updated_at", "2020-04-03 14:30:22.675051"]]
  ↳ app/controllers/shoes_controller.rb:20:in `create'
  [1m[35m (3.1ms)[0m  [1m[35mCOMMIT[0m
  ↳ app/controllers/shoes_controller.rb:20:in `create'
Completed 201 Created in 255ms (Views: 13.5ms | ActiveRecord: 4.4ms | Allocations: 2581)


Started GET "/shoes" for ::1 at 2020-04-03 10:30:26 -0400
Processing by ShoesController#index as HTML
  [1m[36mShoe Load (0.9ms)[0m  [1m[34mSELECT "shoes".* FROM "shoes"[0m
  ↳ app/controllers/shoes_controller.rb:8:in `index'
Completed 200 OK in 18ms (Views: 13.7ms | ActiveRecord: 0.9ms | Allocations: 1350)


